<?xml version="1.0" encoding="UTF-8"?>
<testng-results ignored="0" total="1" passed="1" failed="0" skipped="0">
  <reporter-output>
  </reporter-output>
  <suite started-at="2022-11-14T14:48:54 IST" name="Default suite" finished-at="2022-11-14T14:49:29 IST" duration-ms="35467">
    <groups>
    </groups>
    <test started-at="2022-11-14T14:48:54 IST" name="Default test" finished-at="2022-11-14T14:49:29 IST" duration-ms="35467">
      <class name="LoginFunctionality.SignInFunctionality">
        <test-method is-config="true" signature="beforeTest()[pri:0, instance:LoginFunctionality.SignInFunctionality@7334aada]" started-at="2022-11-14T14:48:54 IST" name="beforeTest" finished-at="2022-11-14T14:49:02 IST" duration-ms="8105" status="PASS">
          <reporter-output>
          </reporter-output>
        </test-method> <!-- beforeTest -->
        <test-method signature="f()[pri:0, instance:LoginFunctionality.SignInFunctionality@7334aada]" started-at="2022-11-14T14:49:02 IST" name="f" finished-at="2022-11-14T14:49:28 IST" duration-ms="25629" status="PASS">
          <reporter-output>
          </reporter-output>
        </test-method> <!-- f -->
        <test-method is-config="true" signature="afterTest()[pri:0, instance:LoginFunctionality.SignInFunctionality@7334aada]" started-at="2022-11-14T14:49:28 IST" name="afterTest" finished-at="2022-11-14T14:49:29 IST" duration-ms="1624" status="PASS">
          <reporter-output>
          </reporter-output>
        </test-method> <!-- afterTest -->
      </class> <!-- LoginFunctionality.SignInFunctionality -->
    </test> <!-- Default test -->
  </suite> <!-- Default suite -->
</testng-results>
